<?xml version="1.0" encoding="UTF-8"?>
<!-- Generated by org.testng.reporters.JUnitReportReporter -->
<testsuite skipped="0" hostname="QAP12-PC" name="allu1.raki123" tests="2" failures="0" timestamp="01 Mar 2019 06:17:22 GMT" time="0.009" errors="0">
  <testcase name="method3" time="0.008" classname="allu1.raki123"/>
  <testcase name="method4" time="0.001" classname="allu1.raki123"/>
</testsuite> <!-- allu1.raki123 -->
